VR Travel/Temp/gradleOut/unityLibrary/build/intermediates/manifest_merge_blame_file/release/manifest-merger-blame-release-report.txt
1<?xml version="1.0" encoding="utf-8"?>
2<!-- GENERATED BY UNITY. REMOVE THIS COMMENT TO PREVENT OVERWRITING WHEN EXPORTING AGAIN -->
3<manifest xmlns:android="http://schemas.android.com/apk/res/android"
4    xmlns:tools="http://schemas.android.com/tools"
5    package="com.unity3d.player"
6    android:installLocation="auto"
7    android:versionCode="1"
8    android:versionName="0.1" >
9
10    <uses-sdk
11        android:minSdkVersion="23"
11-->src\main\AndroidManifest.xml
12        android:targetSdkVersion="29" />
12-->src\main\AndroidManifest.xml
13
14    <uses-feature android:glEsVersion="0x00030000" />
14-->src\main\AndroidManifest.xml:23:3-52
14-->src\main\AndroidManifest.xml:23:17-49
15
16    <uses-permission android:name="android.permission.INTERNET" />
16-->src\main\AndroidManifest.xml:24:3-65
16-->src\main\AndroidManifest.xml:24:20-62
17
18    <uses-feature
18-->src\main\AndroidManifest.xml:25:3-88
19        android:name="android.hardware.touchscreen"
19-->src\main\AndroidManifest.xml:25:17-60
20        android:required="false" />
20-->src\main\AndroidManifest.xml:25:61-85
21    <uses-feature
21-->src\main\AndroidManifest.xml:26:3-99
22        android:name="android.hardware.touchscreen.multitouch"
22-->src\main\AndroidManifest.xml:26:17-71
23        android:required="false" />
23-->src\main\AndroidManifest.xml:26:72-96
24    <uses-feature
24-->src\main\AndroidManifest.xml:27:3-108
25        android:name="android.hardware.touchscreen.multitouch.distinct"
25-->src\main\AndroidManifest.xml:27:17-80
26        android:required="false" />
26-->src\main\AndroidManifest.xml:27:81-105
27    <uses-feature
27-->src\main\AndroidManifest.xml:28:3-111
28        android:name="android.hardware.vr.headtracking"
28-->src\main\AndroidManifest.xml:28:17-64
29        android:required="true"
29-->src\main\AndroidManifest.xml:28:65-88
30        android:version="1" />
30-->src\main\AndroidManifest.xml:28:89-108
31
32    <application>
32-->src\main\AndroidManifest.xml:4:3-22:17
33        <activity
33-->src\main\AndroidManifest.xml:5:5-14:16
34            android:name="com.unity3d.player.UnityPlayerActivity"
34-->src\main\AndroidManifest.xml:5:15-68
35            android:configChanges="keyboard|keyboardHidden|navigation|orientation|screenLayout|screenSize|uiMode"
35-->src\main\AndroidManifest.xml:5:204-305
36            android:hardwareAccelerated="false"
36-->src\main\AndroidManifest.xml:5:306-341
37            android:launchMode="singleTask"
37-->src\main\AndroidManifest.xml:5:172-203
38            android:screenOrientation="landscape"
38-->src\main\AndroidManifest.xml:5:134-171
39            android:theme="@android:style/Theme.Black.NoTitleBar.Fullscreen" >
39-->src\main\AndroidManifest.xml:5:69-133
40            <intent-filter>
40-->src\main\AndroidManifest.xml:6:7-10:23
41                <action android:name="android.intent.action.MAIN" />
41-->src\main\AndroidManifest.xml:7:9-61
41-->src\main\AndroidManifest.xml:7:17-58
42
43                <category android:name="android.intent.category.LAUNCHER" />
43-->src\main\AndroidManifest.xml:8:9-69
43-->src\main\AndroidManifest.xml:8:19-66
44                <category android:name="com.oculus.intent.category.VR" />
44-->src\main\AndroidManifest.xml:9:9-66
44-->src\main\AndroidManifest.xml:9:19-63
45            </intent-filter>
46
47            <meta-data
47-->src\main\AndroidManifest.xml:11:7-82
48                android:name="unityplayer.UnityActivity"
48-->src\main\AndroidManifest.xml:11:18-58
49                android:value="true" />
49-->src\main\AndroidManifest.xml:11:59-79
50            <meta-data
50-->src\main\AndroidManifest.xml:12:7-78
51                android:name="android.notch_support"
51-->src\main\AndroidManifest.xml:12:18-54
52                android:value="true" />
52-->src\main\AndroidManifest.xml:12:55-75
53            <meta-data
53-->src\main\AndroidManifest.xml:13:7-81
54                android:name="com.oculus.vr.focusaware"
54-->src\main\AndroidManifest.xml:13:18-57
55                android:value="true" />
55-->src\main\AndroidManifest.xml:13:58-78
56        </activity>
57
58        <meta-data
58-->src\main\AndroidManifest.xml:15:5-69
59            android:name="unity.splash-mode"
59-->src\main\AndroidManifest.xml:15:16-48
60            android:value="0" />
60-->src\main\AndroidManifest.xml:15:49-66
61        <meta-data
61-->src\main\AndroidManifest.xml:16:5-74
62            android:name="unity.splash-enable"
62-->src\main\AndroidManifest.xml:16:16-50
63            android:value="True" />
63-->src\main\AndroidManifest.xml:16:51-71
64        <meta-data
64-->src\main\AndroidManifest.xml:17:5-81
65            android:name="notch.config"
65-->src\main\AndroidManifest.xml:17:16-43
66            android:value="portrait|landscape" />
66-->src\main\AndroidManifest.xml:17:44-78
67        <meta-data
67-->src\main\AndroidManifest.xml:18:5-101
68            android:name="unity.build-id"
68-->src\main\AndroidManifest.xml:18:16-45
69            android:value="9bb07484-7666-4a87-b2a8-b444dfdff639" />
69-->src\main\AndroidManifest.xml:18:46-98
70        <meta-data
70-->src\main\AndroidManifest.xml:19:5-97
71            android:name="com.samsung.android.vr.application.mode"
71-->src\main\AndroidManifest.xml:19:16-70
72            android:value="vr_only" />
72-->src\main\AndroidManifest.xml:19:71-94
73        <meta-data
73-->src\main\AndroidManifest.xml:20:5-91
74            android:name="com.unity.xr.oculus.LowOverheadMode"
74-->src\main\AndroidManifest.xml:20:16-66
75            android:value="false" />
75-->src\main\AndroidManifest.xml:20:67-88
76        <meta-data
76-->src\main\AndroidManifest.xml:21:5-90
77            android:name="com.oculus.supportedDevices"
77-->src\main\AndroidManifest.xml:21:16-58
78            android:value="quest|quest2" />
78-->src\main\AndroidManifest.xml:21:59-87
79    </application>
80
81</manifest>